<?xml version="1.0" encoding="UTF-8"?>
<testsuite xmlns:xsi="http://www.w3.org/2001/XMLSchema-instance" xsi:noNamespaceSchemaLocation="https://maven.apache.org/surefire/maven-surefire-plugin/xsd/surefire-test-report-3.0.xsd" version="3.0" name="com.servicefinder.ServiceFinderApplicationTests" time="3.442" tests="2" errors="0" skipped="0" failures="0">
  <properties>
[...]
</properties>
  <testcase name="databaseInitializationTest" classname="com.servicefinder.ServiceFinderApplicationTests" time="0.101">
    <system-out><![CDATA[2025-08-21T21:33:51.740+05:30  INFO 15188 --- [           main] t.c.s.AnnotationConfigContextLoaderUtils : Could not detect default configuration classes for test class [com.servicefinder.ServiceFinderApplicationTests]: ServiceFinderApplicationTests does not declare any static, non-private, non-final, nested classes annotated with @Configuration.
2025-08-21T21:33:51.743+05:30  INFO 15188 --- [           main] .b.t.c.SpringBootTestContextBootstrapper : Found @SpringBootConfiguration com.servicefinder.ServeEaseApplication for test class com.servicefinder.ServiceFinderApplicationTests
2025-08-21T21:33:51.747+05:30  INFO 15188 --- [           main] o.s.b.d.r.RestartApplicationListener     : Restart disabled due to context in which it is running

  .   ____          _            __ _ _
 /\\ / ___'_ __ _ _(_)_ __  __ _ \ \ \ \
( ( )\___ | '_ | '_| | '_ \/ _` | \ \ \ \
 \\/  ___)| |_)| | | | | || (_| |  ) ) ) )
  '  |____| .__|_| |_|_| |_\__, | / / / /
 =========|_|==============|___/=/_/_/_/
 :: Spring Boot ::                (v3.2.0)

2025-08-21T21:33:51.812+05:30  INFO 15188 --- [           main] c.s.ServiceFinderApplicationTests        : Starting ServiceFinderApplicationTests using Java 20.0.1 with PID 15188 (started by abith in C:\Users\abith\Downloads\ServeEase-main\ServeEase-main\Project)
2025-08-21T21:33:51.815+05:30  INFO 15188 --- [           main] c.s.ServiceFinderApplicationTests        : The following 1 profile is active: "test"
2025-08-21T21:33:52.275+05:30  INFO 15188 --- [           main] .s.d.r.c.RepositoryConfigurationDelegate : Bootstrapping Spring Data JPA repositories in DEFAULT mode.
2025-08-21T21:33:52.292+05:30  INFO 15188 --- [           main] .s.d.r.c.RepositoryConfigurationDelegate : Finished Spring Data repository scanning in 17 ms. Found 6 JPA repository interfaces.
2025-08-21T21:33:52.463+05:30  INFO 15188 --- [           main] o.hibernate.jpa.internal.util.LogHelper  : HHH000204: Processing PersistenceUnitInfo [name: default]
2025-08-21T21:33:52.466+05:30  INFO 15188 --- [           main] o.h.c.internal.RegionFactoryInitiator    : HHH000026: Second-level cache disabled
2025-08-21T21:33:52.470+05:30  INFO 15188 --- [           main] o.s.o.j.p.SpringPersistenceUnitInfo      : No LoadTimeWeaver setup: ignoring JPA class transformer
2025-08-21T21:33:52.472+05:30  INFO 15188 --- [           main] com.zaxxer.hikari.HikariDataSource       : HikariPool-2 - Starting...
2025-08-21T21:33:52.473+05:30  INFO 15188 --- [           main] com.zaxxer.hikari.pool.HikariPool        : HikariPool-2 - Added connection conn10: url=jdbc:h2:mem:testdb user=SA
2025-08-21T21:33:52.473+05:30  INFO 15188 --- [           main] com.zaxxer.hikari.HikariDataSource       : HikariPool-2 - Start completed.
2025-08-21T21:33:52.474+05:30  WARN 15188 --- [           main] org.hibernate.orm.deprecation            : HHH90000025: H2Dialect does not need to be specified explicitly using 'hibernate.dialect' (remove the property setting and it will be selected by default)
2025-08-21T21:33:52.721+05:30  INFO 15188 --- [           main] o.h.e.t.j.p.i.JtaPlatformInitiator       : HHH000489: No JTA platform available (set 'hibernate.transaction.jta.platform' to enable JTA platform integration)
2025-08-21T21:33:52.744+05:30  INFO 15188 --- [           main] j.LocalContainerEntityManagerFactoryBean : Initialized JPA EntityManagerFactory for persistence unit 'default'
2025-08-21T21:33:53.357+05:30  WARN 15188 --- [           main] JpaBaseConfiguration$JpaWebConfiguration : spring.jpa.open-in-view is enabled by default. Therefore, database queries may be performed during view rendering. Explicitly configure spring.jpa.open-in-view to disable this warning
2025-08-21T21:33:53.429+05:30  INFO 15188 --- [           main] o.s.b.a.w.s.WelcomePageHandlerMapping    : Adding welcome page: class path resource [static/index.html]
2025-08-21T21:33:53.625+05:30  INFO 15188 --- [           main] o.s.b.a.e.web.EndpointLinksResolver      : Exposing 1 endpoint(s) beneath base path '/actuator'
2025-08-21T21:33:54.030+05:30  INFO 15188 --- [           main] o.s.b.a.h2.H2ConsoleAutoConfiguration    : H2 console available at '/h2-console'. Database available at 'jdbc:h2:mem:testdb'
2025-08-21T21:33:54.092+05:30  INFO 15188 --- [           main] c.s.ServiceFinderApplicationTests        : Started ServiceFinderApplicationTests in 2.346 seconds (process running for 22.581)
Test users created:
Admin: admin@servicefinder.com / admin123
Customer: customer@test.com / customer123 (Mumbai, Marine Drive)
Provider 1: provider@test.com / provider123 (Mumbai, Bandra - 3km)
Provider 2: raj.patel@services.com / provider123 (Mumbai, Andheri - 8km)
Provider 3: priya.sharma@services.com / provider123 (Pune - 150km)
Service provider profiles created:
- Smith's Professional Services (Mumbai, Bandra) - 10km radius
- Patel Technical Solutions (Mumbai, Andheri) - 15km radius
- Sharma Education & Consulting (Pune) - 25km radius
Sample services created:
Provider 1 (Smith's): Electrical ($75), Plumbing ($85)
Provider 2 (Patel's): Advanced Electrical ($95), Computer Repair ($90), Cleaning ($110)
Provider 3 (Sharma's): Math Tutoring ($80), Science Tutoring ($85), Exam Coaching ($120)
Sample bookings created across different distances:
- Provider 1 (3km): Electrical repair & Plumbing service
- Provider 2 (8km): Computer repair service
- Provider 3 (150km): Math tutoring service
Sample availability data created:
- Created 14 days of availability for all providers
- Morning slots: 9:00 AM - 12:00 PM
- Afternoon slots: 2:00 PM - 6:00 PM
- Weekend evening slots: 6:00 PM - 8:00 PM
- Recurring Monday slots: 10:00 AM - 4:00 PM
- Some slots marked as booked for testing
Data initialization complete!
]]></system-out>
  </testcase>
  <testcase name="contextLoads" classname="com.servicefinder.ServiceFinderApplicationTests" time="0.005"/>
</testsuite>